
Showing logs for build [32mcb-kubecd-environment-pr-209-13-q5klr-1[0m stage [32mfrom-build-pack[0m and container [32mstep-credential-initializer-kwln9[0m
{"level":"info","ts":1587761153.3007538,"logger":"fallback-logger","caller":"logging/config.go:69","msg":"Fetch GitHub commit ID from kodata failed: open /var/run/ko/refs/heads/0.8.0-ns-support: no such file or directory"}
{"level":"info","ts":1587761153.30175,"logger":"fallback-logger","caller":"creds-init/main.go:40","msg":"Credentials initialized."}

Showing logs for build [32mcb-kubecd-environment-pr-209-13-q5klr-1[0m stage [32mfrom-build-pack[0m and container [32mstep-working-dir-initializer-nldm8[0m
{"level":"info","ts":1587761154.676801,"logger":"fallback-logger","caller":"logging/config.go:69","msg":"Fetch GitHub commit ID from kodata failed: open /var/run/ko/HEAD: no such file or directory"}
{"level":"info","ts":1587761154.6787717,"logger":"fallback-logger","caller":"bash/main.go:64","msg":"Successfully executed command \"sh -c mkdir -p /workspace/source\"; output "}

Showing logs for build [32mcb-kubecd-environment-pr-209-13-q5klr-1[0m stage [32mfrom-build-pack[0m and container [32mstep-place-tools[0m

Showing logs for build [32mcb-kubecd-environment-pr-209-13-q5klr-1[0m stage [32mfrom-build-pack[0m and container [32mstep-git-source-cb-kubecd-environment-pr-209-13-q5klr-wcpk4[0m
{"level":"info","ts":1587761159.8002763,"logger":"fallback-logger","caller":"logging/config.go:69","msg":"Fetch GitHub commit ID from kodata failed: open /var/run/ko/refs/heads/0.8.0-ns-support: no such file or directory"}
{"level":"info","ts":1587761160.8551347,"logger":"fallback-logger","caller":"git/git.go:103","msg":"Successfully cloned https://github.com/cb-kubecd/environment-pr-209-13-boot-gke-production.git @ master in path /workspace/source"}

Showing logs for build [32mcb-kubecd-environment-pr-209-13-q5klr-1[0m stage [32mfrom-build-pack[0m and container [32mstep-git-merge[0m
Using SHAs from PULL_REFS=master:93200a0fcd7576ed94c6c0c229cc5c0d728abb4a,1:fa4d1bcd8a9ad1ee44969c6f102ad7c208d792bb
DEBUG: LC_ALL=C JX_LOG_LEVEL=error git fetch origin --unshallow fa4d1bcd8a9ad1ee44969c6f102ad7c208d792bb: 93200a0fcd7576ed94c6c0c229cc5c0d728abb4a:
DEBUG: ran git fetch --unshallow origin fa4d1bcd8a9ad1ee44969c6f102ad7c208d792bb: 93200a0fcd7576ed94c6c0c229cc5c0d728abb4a: in 
DEBUG: JX_LOG_LEVEL=error LC_ALL=C git branch
DEBUG: LC_ALL=C JX_LOG_LEVEL=error git checkout master
DEBUG: ran git checkout master in 
DEBUG: LC_ALL=C JX_LOG_LEVEL=error git reset --hard 93200a0fcd7576ed94c6c0c229cc5c0d728abb4a
DEBUG: ran git reset --hard 93200a0fcd7576ed94c6c0c229cc5c0d728abb4a in 
DEBUG: LC_ALL=C JX_LOG_LEVEL=error git clean -fd .
DEBUG: ran clean --force -d . in 
DEBUG: LC_ALL=C JX_LOG_LEVEL=error git merge fa4d1bcd8a9ad1ee44969c6f102ad7c208d792bb
DEBUG: ran git merge fa4d1bcd8a9ad1ee44969c6f102ad7c208d792bb in 
DEBUG: LC_ALL=C JX_LOG_LEVEL=error git log --format=%H%x1f%an%x1f%ae%x1f%cn%x1f%ce%x1f%s%n%b%x1e 93200a0fcd7576ed94c6c0c229cc5c0d728abb4a..HEAD
Merged SHA fa4d1bcd8a9ad1ee44969c6f102ad7c208d792bb with commit message 'chore: Promote bdd-spring-1587760243 to version 0.0.1' into base branch master

Showing logs for build [32mcb-kubecd-environment-pr-209-13-q5klr-1[0m stage [32mfrom-build-pack[0m and container [32mstep-build-helm-build[0m
WARNING: No $CHART_REPOSITORY defined so using the default value of: http://jenkins-x-chartmuseum:8080
Adding missing Helm repo: storage.googleapis.com https://storage.googleapis.com/chartmuseum.jenkins-x.io
WARNING: No secrets found on "helm/repos" due: reading the secret "helm/repos" from vault: no secret "helm/repos" not found in vault
Read credentials for https://storage.googleapis.com/chartmuseum.jenkins-x.io from vault helm/repos
Successfully added Helm repository storage.googleapis.com.
Adding missing Helm repo: jenkins-x-chartmuseum http://jenkins-x-chartmuseum:8080
WARNING: No secrets found on "helm/repos" due: reading the secret "helm/repos" from vault: no secret "helm/repos" not found in vault
Read credentials for http://jenkins-x-chartmuseum:8080 from vault helm/repos
Successfully added Helm repository jenkins-x-chartmuseum.
WARNING: No $CHART_REPOSITORY defined so using the default value of: http://jenkins-x-chartmuseum:8080
Adding missing Helm repo: chartmuseum.jenkins-x.io http://chartmuseum.jenkins-x.io
WARNING: No secrets found on "helm/repos" due: reading the secret "helm/repos" from vault: no secret "helm/repos" not found in vault
Read credentials for http://chartmuseum.jenkins-x.io from vault helm/repos
Successfully added Helm repository chartmuseum.jenkins-x.io.
